<?xml version="1.0" encoding="UTF-8"?>
<!-- Generated by org.testng.reporters.JUnitReportReporter -->
<testsuite hostname="APPLEs-MacBook-Air.local" failures="0" tests="1" name="runners.TestRunner" time="24.355" errors="0" timestamp="2025-08-25T15:03:49 IST" skipped="0">
  <testcase classname="runners.TestRunner" name="runScenario" time="24.355"/>
</testsuite> <!-- runners.TestRunner -->
