<?xml version="1.0" encoding="UTF-8"?>
<!-- Generated by org.testng.reporters.JUnitReportReporter -->
<testsuite hostname="APPLEs-MacBook-Air.local" failures="0" tests="2" name="runner.demotestrun2" time="83.358" errors="0" timestamp="2025-08-25T17:17:42 IST" skipped="0">
  <testcase classname="runner.demotestrun2" name="runScenario" time="41.405"/>
  <testcase classname="runner.demotestrun2" name="runScenario" time="41.953"/>
</testsuite> <!-- runner.demotestrun2 -->
