<?xml version="1.0" encoding="UTF-8"?>
<!-- Generated by org.testng.reporters.JUnitReportReporter -->
<testsuite hostname="APPLEs-MacBook-Air.local" failures="0" tests="2" name="runner.demotestrun" time="78.587" errors="0" timestamp="2025-08-25T17:07:40 IST" skipped="0">
  <testcase classname="runner.demotestrun" name="runScenario" time="37.927"/>
  <testcase classname="runner.demotestrun" name="runScenario" time="40.660"/>
</testsuite> <!-- runner.demotestrun -->
