<?xml version="1.0" encoding="UTF-8"?>
<!-- Generated by org.testng.reporters.JUnitReportReporter -->
<testsuite hostname="APPLEs-MacBook-Air.local" failures="0" tests="2" name="runners.demotestrun" time="78.378" errors="0" timestamp="2025-08-25T14:58:43 IST" skipped="0">
  <testcase classname="runners.demotestrun" name="runScenario" time="36.696"/>
  <testcase classname="runners.demotestrun" name="runScenario" time="41.682"/>
</testsuite> <!-- runners.demotestrun -->
