<?xml version="1.0" encoding="UTF-8"?>
<!-- Generated by org.testng.reporters.JUnitReportReporter -->
<testsuite hostname="APPLEs-MacBook-Air.local" failures="0" tests="1" name="test_ng.testng_parameters" time="14.107" errors="0" timestamp="2025-08-16T17:41:39 IST" skipped="0">
  <testcase classname="test_ng.testng_parameters" name="testparameters" time="14.107"/>
</testsuite> <!-- test_ng.testng_parameters -->
