<?xml version="1.0" encoding="UTF-8"?>
<!-- Generated by org.testng.reporters.JUnitReportReporter -->
<testsuite hostname="APPLEs-MacBook-Air.local" failures="0" tests="5" name="test_ng.GroupsDemo" time="0.048" errors="0" timestamp="2025-08-16T17:53:57 IST" skipped="0">
  <testcase classname="test_ng.GroupsDemo" name="testcase1" time="0.023"/>
  <testcase classname="test_ng.GroupsDemo" name="testcase1" time="0.001"/>
  <testcase classname="test_ng.GroupsDemo" name="testcase3" time="0.002"/>
  <testcase classname="test_ng.GroupsDemo" name="testcase2" time="0.016"/>
  <testcase classname="test_ng.GroupsDemo" name="testcase4" time="0.006"/>
</testsuite> <!-- test_ng.GroupsDemo -->
