<?xml version="1.0" encoding="UTF-8"?>
<!-- Generated by org.testng.reporters.JUnitReportReporter -->
<testsuite hostname="APPLEs-MacBook-Air.local" failures="0" tests="2" name="test_ng.TestNGSkipExample" time="6.492" errors="0" timestamp="2025-08-16T15:35:19 IST" skipped="1">
  <testcase classname="test_ng.TestNGSkipExample" name="independentTest" time="6.486"/>
  <testcase classname="test_ng.TestNGSkipExample" name="loginTest" time="0.006">
    <skipped/>
  </testcase> <!-- loginTest -->
</testsuite> <!-- test_ng.TestNGSkipExample -->
