<?xml version="1.0" encoding="UTF-8"?>
<!-- Generated by org.testng.reporters.JUnitReportReporter -->
<testsuite hostname="APPLEs-Air" failures="0" tests="1" name="test_ng.test_ngtc" time="15.172" errors="0" timestamp="2025-08-16T14:07:05 IST" skipped="0">
  <testcase classname="test_ng.test_ngtc" name="launchbrowser" time="15.172"/>
</testsuite> <!-- test_ng.test_ngtc -->
