<?xml version="1.0" encoding="UTF-8"?>
<!-- Generated by org.testng.reporters.JUnitReportReporter -->
<testsuite hostname="APPLEs-MacBook-Air.local" failures="0" tests="2" name="test_ng.TestNGDependencyExample" time="36.843" errors="0" timestamp="2025-08-16T17:20:37 IST" skipped="0">
  <testcase classname="test_ng.TestNGDependencyExample" name="testCheckbox" time="16.825"/>
  <testcase classname="test_ng.TestNGDependencyExample" name="login" time="20.018"/>
</testsuite> <!-- test_ng.TestNGDependencyExample -->
