<?xml version="1.0" encoding="UTF-8"?>
<!-- Generated by org.testng.reporters.JUnitReportReporter -->
<testsuite hostname="APPLEs-MacBook-Air.local" failures="0" tests="3" name="test_ng.TestNGAnnotations" time="0.020" errors="0" timestamp="2025-08-19T10:52:24 IST" skipped="0">
  <testcase classname="test_ng.TestNGAnnotations" name="addProduct" time="0.013"/>
  <testcase classname="test_ng.TestNGAnnotations" name="updateProduct" time="0.005"/>
  <testcase classname="test_ng.TestNGAnnotations" name="checkoutProduct" time="0.002"/>
</testsuite> <!-- test_ng.TestNGAnnotations -->
