<?xml version="1.0" encoding="UTF-8"?>
<!-- Generated by org.testng.reporters.JUnitReportReporter -->
<testsuite hostname="APPLEs-MacBook-Air.local" failures="0" tests="3" name="test_ng.TestNGExample" time="30.869" errors="0" timestamp="2025-08-16T15:12:10 IST" skipped="0">
  <testcase classname="test_ng.TestNGExample" name="loginOrangeHRM" time="13.111"/>
  <testcase classname="test_ng.TestNGExample" name="testCheckbox" time="15.790"/>
  <testcase classname="test_ng.TestNGExample" name="launchBrowserExample" time="1.968"/>
</testsuite> <!-- test_ng.TestNGExample -->
