<?xml version="1.0" encoding="UTF-8"?>
<!-- Generated by org.testng.reporters.JUnitReportReporter -->
<testsuite hostname="APPLEs-MacBook-Air.local" failures="0" tests="3" name="test_ng.dataproviders" time="63.272" errors="0" timestamp="2025-08-20T09:27:05 IST" skipped="0">
  <testcase classname="test_ng.dataproviders" name="loginTest" time="21.886"/>
  <testcase classname="test_ng.dataproviders" name="loginTest" time="20.674"/>
  <testcase classname="test_ng.dataproviders" name="loginTest" time="20.712"/>
</testsuite> <!-- test_ng.dataproviders -->
